0 info it worked if it ends with ok
1 verbose cli [ 'C:\\Program Files\\nodejs\\node.exe',
1 verbose cli   'C:\\Program Files\\nodejs\\node_modules\\npm\\bin\\npm-cli.js',
1 verbose cli   'install',
1 verbose cli   'bcrypt@0.8.5',
1 verbose cli   '--save' ]
2 info using npm@3.10.10
3 info using node@v6.10.2
4 silly loadCurrentTree Starting
5 silly install loadCurrentTree
6 silly install readLocalPackageData
7 silly fetchPackageMetaData bcrypt@0.8.5
8 silly fetchNamedPackageData bcrypt
9 silly mapToRegistry name bcrypt
10 silly mapToRegistry using default registry
11 silly mapToRegistry registry https://registry.npmjs.org/
12 silly mapToRegistry data Result {
12 silly mapToRegistry   raw: 'bcrypt',
12 silly mapToRegistry   scope: null,
12 silly mapToRegistry   escapedName: 'bcrypt',
12 silly mapToRegistry   name: 'bcrypt',
12 silly mapToRegistry   rawSpec: '',
12 silly mapToRegistry   spec: 'latest',
12 silly mapToRegistry   type: 'tag' }
13 silly mapToRegistry uri https://registry.npmjs.org/bcrypt
14 verbose request uri https://registry.npmjs.org/bcrypt
15 verbose request no auth needed
16 info attempt registry request try #1 at 12:08:26 AM
17 verbose request id 2febe70ec10ae13a
18 http request GET https://registry.npmjs.org/bcrypt
19 http 200 https://registry.npmjs.org/bcrypt
20 verbose headers { server: 'nginx/1.10.3',
20 verbose headers   'content-type': 'application/json',
20 verbose headers   'last-modified': 'Mon, 22 May 2017 14:44:57 GMT',
20 verbose headers   etag: 'W/"5922f969-16f80"',
20 verbose headers   'content-encoding': 'gzip',
20 verbose headers   'cache-control': 'max-age=300',
20 verbose headers   'content-length': '11260',
20 verbose headers   'accept-ranges': 'bytes',
20 verbose headers   date: 'Wed, 24 May 2017 17:08:27 GMT',
20 verbose headers   via: '1.1 varnish',
20 verbose headers   age: '0',
20 verbose headers   connection: 'keep-alive',
20 verbose headers   'x-served-by': 'cache-hkg6822-HKG',
20 verbose headers   'x-cache': 'HIT',
20 verbose headers   'x-cache-hits': '1',
20 verbose headers   'x-timer': 'S1495645707.188918,VS0,VE670',
20 verbose headers   vary: 'Accept-Encoding' }
21 silly get cb [ 200,
21 silly get   { server: 'nginx/1.10.3',
21 silly get     'content-type': 'application/json',
21 silly get     'last-modified': 'Mon, 22 May 2017 14:44:57 GMT',
21 silly get     etag: 'W/"5922f969-16f80"',
21 silly get     'content-encoding': 'gzip',
21 silly get     'cache-control': 'max-age=300',
21 silly get     'content-length': '11260',
21 silly get     'accept-ranges': 'bytes',
21 silly get     date: 'Wed, 24 May 2017 17:08:27 GMT',
21 silly get     via: '1.1 varnish',
21 silly get     age: '0',
21 silly get     connection: 'keep-alive',
21 silly get     'x-served-by': 'cache-hkg6822-HKG',
21 silly get     'x-cache': 'HIT',
21 silly get     'x-cache-hits': '1',
21 silly get     'x-timer': 'S1495645707.188918,VS0,VE670',
21 silly get     vary: 'Accept-Encoding' } ]
22 verbose get saving bcrypt to C:\Users\SF BOOK\AppData\Roaming\npm-cache\registry.npmjs.org\bcrypt\.cache.json
23 verbose correctMkdir C:\Users\SF BOOK\AppData\Roaming\npm-cache correctMkdir not in flight; initializing
24 silly install normalizeTree
25 silly loadCurrentTree Finishing
26 silly loadIdealTree Starting
27 silly install loadIdealTree
28 silly cloneCurrentTree Starting
29 silly install cloneCurrentTreeToIdealTree
30 silly cloneCurrentTree Finishing
31 silly loadShrinkwrap Starting
32 silly install loadShrinkwrap
33 silly loadShrinkwrap Finishing
34 silly loadAllDepsIntoIdealTree Starting
35 silly install loadAllDepsIntoIdealTree
36 silly resolveWithNewModule bcrypt@0.8.5 checking installable status
37 silly cache add args [ 'bcrypt@0.8.5', null ]
38 verbose cache add spec bcrypt@0.8.5
39 silly cache add parsed spec Result {
39 silly cache add   raw: 'bcrypt@0.8.5',
39 silly cache add   scope: null,
39 silly cache add   escapedName: 'bcrypt',
39 silly cache add   name: 'bcrypt',
39 silly cache add   rawSpec: '0.8.5',
39 silly cache add   spec: '0.8.5',
39 silly cache add   type: 'version' }
40 silly addNamed bcrypt@0.8.5
41 verbose addNamed "0.8.5" is a plain semver version for bcrypt
42 silly mapToRegistry name bcrypt
43 silly mapToRegistry using default registry
44 silly mapToRegistry registry https://registry.npmjs.org/
45 silly mapToRegistry data Result {
45 silly mapToRegistry   raw: 'bcrypt',
45 silly mapToRegistry   scope: null,
45 silly mapToRegistry   escapedName: 'bcrypt',
45 silly mapToRegistry   name: 'bcrypt',
45 silly mapToRegistry   rawSpec: '',
45 silly mapToRegistry   spec: 'latest',
45 silly mapToRegistry   type: 'tag' }
46 silly mapToRegistry uri https://registry.npmjs.org/bcrypt
47 verbose addNameVersion registry:https://registry.npmjs.org/bcrypt not in flight; fetching
48 verbose get https://registry.npmjs.org/bcrypt not expired, no request
49 silly mapToRegistry name bcrypt
50 silly mapToRegistry using default registry
51 silly mapToRegistry registry https://registry.npmjs.org/
52 silly mapToRegistry data Result {
52 silly mapToRegistry   raw: 'bcrypt',
52 silly mapToRegistry   scope: null,
52 silly mapToRegistry   escapedName: 'bcrypt',
52 silly mapToRegistry   name: 'bcrypt',
52 silly mapToRegistry   rawSpec: '',
52 silly mapToRegistry   spec: 'latest',
52 silly mapToRegistry   type: 'tag' }
53 silly mapToRegistry uri https://registry.npmjs.org/bcrypt
54 verbose addRemoteTarball https://registry.npmjs.org/bcrypt/-/bcrypt-0.8.5.tgz not in flight; adding
55 verbose addRemoteTarball [ 'https://registry.npmjs.org/bcrypt/-/bcrypt-0.8.5.tgz',
55 verbose addRemoteTarball   '8e5b81b4db80e944f440005979ca8d58a961861d' ]
56 info retry fetch attempt 1 at 12:08:28 AM
57 info attempt registry request try #1 at 12:08:28 AM
58 http fetch GET https://registry.npmjs.org/bcrypt/-/bcrypt-0.8.5.tgz
59 http fetch 200 https://registry.npmjs.org/bcrypt/-/bcrypt-0.8.5.tgz
60 silly fetchAndShaCheck shasum 8e5b81b4db80e944f440005979ca8d58a961861d
61 verbose addTmpTarball C:\Users\SFBOOK~1\AppData\Local\Temp\npm-7532-4ca40934\registry.npmjs.org\bcrypt\-\bcrypt-0.8.5.tgz not in flight; adding
62 verbose addTmpTarball already have metadata; skipping unpack for bcrypt@0.8.5
63 verbose correctMkdir C:\Users\SF BOOK\AppData\Roaming\npm-cache correctMkdir not in flight; initializing
64 silly cache afterAdd bcrypt@0.8.5
65 verbose afterAdd C:\Users\SF BOOK\AppData\Roaming\npm-cache\bcrypt\0.8.5\package\package.json not in flight; writing
66 verbose correctMkdir C:\Users\SF BOOK\AppData\Roaming\npm-cache correctMkdir not in flight; initializing
67 verbose afterAdd C:\Users\SF BOOK\AppData\Roaming\npm-cache\bcrypt\0.8.5\package\package.json written
68 silly fetchNamedPackageData bindings
69 silly mapToRegistry name bindings
70 silly mapToRegistry using default registry
71 silly mapToRegistry registry https://registry.npmjs.org/
72 silly mapToRegistry data Result {
72 silly mapToRegistry   raw: 'bindings',
72 silly mapToRegistry   scope: null,
72 silly mapToRegistry   escapedName: 'bindings',
72 silly mapToRegistry   name: 'bindings',
72 silly mapToRegistry   rawSpec: '',
72 silly mapToRegistry   spec: 'latest',
72 silly mapToRegistry   type: 'tag' }
73 silly mapToRegistry uri https://registry.npmjs.org/bindings
74 silly fetchNamedPackageData nan
75 silly mapToRegistry name nan
76 silly mapToRegistry using default registry
77 silly mapToRegistry registry https://registry.npmjs.org/
78 silly mapToRegistry data Result {
78 silly mapToRegistry   raw: 'nan',
78 silly mapToRegistry   scope: null,
78 silly mapToRegistry   escapedName: 'nan',
78 silly mapToRegistry   name: 'nan',
78 silly mapToRegistry   rawSpec: '',
78 silly mapToRegistry   spec: 'latest',
78 silly mapToRegistry   type: 'tag' }
79 silly mapToRegistry uri https://registry.npmjs.org/nan
80 verbose request uri https://registry.npmjs.org/bindings
81 verbose request no auth needed
82 info attempt registry request try #1 at 12:08:28 AM
83 verbose etag W/"580645d3-46f7"
84 verbose lastModified Tue, 18 Oct 2016 15:54:59 GMT
85 http request GET https://registry.npmjs.org/bindings
86 verbose request uri https://registry.npmjs.org/nan
87 verbose request no auth needed
88 info attempt registry request try #1 at 12:08:28 AM
89 verbose etag W/"591906db-1f9db"
90 verbose lastModified Mon, 15 May 2017 01:39:39 GMT
91 http request GET https://registry.npmjs.org/nan
92 http 304 https://registry.npmjs.org/nan
93 verbose headers { date: 'Wed, 24 May 2017 17:08:28 GMT',
93 verbose headers   via: '1.1 varnish',
93 verbose headers   'cache-control': 'max-age=300',
93 verbose headers   etag: 'W/"591906db-1f9db"',
93 verbose headers   age: '171',
93 verbose headers   connection: 'keep-alive',
93 verbose headers   'x-served-by': 'cache-hkg6823-HKG',
93 verbose headers   'x-cache': 'HIT',
93 verbose headers   'x-cache-hits': '3',
93 verbose headers   'x-timer': 'S1495645709.932949,VS0,VE0',
93 verbose headers   vary: 'Accept-Encoding' }
94 silly get cb [ 304,
94 silly get   { date: 'Wed, 24 May 2017 17:08:28 GMT',
94 silly get     via: '1.1 varnish',
94 silly get     'cache-control': 'max-age=300',
94 silly get     etag: 'W/"591906db-1f9db"',
94 silly get     age: '171',
94 silly get     connection: 'keep-alive',
94 silly get     'x-served-by': 'cache-hkg6823-HKG',
94 silly get     'x-cache': 'HIT',
94 silly get     'x-cache-hits': '3',
94 silly get     'x-timer': 'S1495645709.932949,VS0,VE0',
94 silly get     vary: 'Accept-Encoding' } ]
95 verbose etag https://registry.npmjs.org/nan from cache
96 verbose get saving nan to C:\Users\SF BOOK\AppData\Roaming\npm-cache\registry.npmjs.org\nan\.cache.json
97 verbose correctMkdir C:\Users\SF BOOK\AppData\Roaming\npm-cache correctMkdir not in flight; initializing
98 silly resolveWithNewModule nan@2.0.5 checking installable status
99 silly cache add args [ 'nan@2.0.5', null ]
100 verbose cache add spec nan@2.0.5
101 silly cache add parsed spec Result {
101 silly cache add   raw: 'nan@2.0.5',
101 silly cache add   scope: null,
101 silly cache add   escapedName: 'nan',
101 silly cache add   name: 'nan',
101 silly cache add   rawSpec: '2.0.5',
101 silly cache add   spec: '2.0.5',
101 silly cache add   type: 'version' }
102 silly addNamed nan@2.0.5
103 verbose addNamed "2.0.5" is a plain semver version for nan
104 silly mapToRegistry name nan
105 silly mapToRegistry using default registry
106 silly mapToRegistry registry https://registry.npmjs.org/
107 silly mapToRegistry data Result {
107 silly mapToRegistry   raw: 'nan',
107 silly mapToRegistry   scope: null,
107 silly mapToRegistry   escapedName: 'nan',
107 silly mapToRegistry   name: 'nan',
107 silly mapToRegistry   rawSpec: '',
107 silly mapToRegistry   spec: 'latest',
107 silly mapToRegistry   type: 'tag' }
108 silly mapToRegistry uri https://registry.npmjs.org/nan
109 verbose addNameVersion registry:https://registry.npmjs.org/nan not in flight; fetching
110 verbose get https://registry.npmjs.org/nan not expired, no request
111 silly mapToRegistry name nan
112 silly mapToRegistry using default registry
113 silly mapToRegistry registry https://registry.npmjs.org/
114 silly mapToRegistry data Result {
114 silly mapToRegistry   raw: 'nan',
114 silly mapToRegistry   scope: null,
114 silly mapToRegistry   escapedName: 'nan',
114 silly mapToRegistry   name: 'nan',
114 silly mapToRegistry   rawSpec: '',
114 silly mapToRegistry   spec: 'latest',
114 silly mapToRegistry   type: 'tag' }
115 silly mapToRegistry uri https://registry.npmjs.org/nan
116 verbose addRemoteTarball https://registry.npmjs.org/nan/-/nan-2.0.5.tgz not in flight; adding
117 verbose addRemoteTarball [ 'https://registry.npmjs.org/nan/-/nan-2.0.5.tgz',
117 verbose addRemoteTarball   '365888014be1fd178db0cbfa258edf7b0cb1c408' ]
118 info retry fetch attempt 1 at 12:08:28 AM
119 info attempt registry request try #1 at 12:08:28 AM
120 http fetch GET https://registry.npmjs.org/nan/-/nan-2.0.5.tgz
121 http 200 https://registry.npmjs.org/bindings
122 verbose headers { server: 'nginx/1.10.1',
122 verbose headers   'content-type': 'application/json',
122 verbose headers   'last-modified': 'Mon, 22 May 2017 20:52:41 GMT',
122 verbose headers   etag: 'W/"59234f99-46bf"',
122 verbose headers   'content-encoding': 'gzip',
122 verbose headers   'cache-control': 'max-age=300',
122 verbose headers   'content-length': '3502',
122 verbose headers   'accept-ranges': 'bytes',
122 verbose headers   date: 'Wed, 24 May 2017 17:08:29 GMT',
122 verbose headers   via: '1.1 varnish',
122 verbose headers   age: '0',
122 verbose headers   connection: 'keep-alive',
122 verbose headers   'x-served-by': 'cache-hkg6822-HKG',
122 verbose headers   'x-cache': 'HIT',
122 verbose headers   'x-cache-hits': '1',
122 verbose headers   'x-timer': 'S1495645709.846595,VS0,VE156',
122 verbose headers   vary: 'Accept-Encoding' }
123 silly get cb [ 200,
123 silly get   { server: 'nginx/1.10.1',
123 silly get     'content-type': 'application/json',
123 silly get     'last-modified': 'Mon, 22 May 2017 20:52:41 GMT',
123 silly get     etag: 'W/"59234f99-46bf"',
123 silly get     'content-encoding': 'gzip',
123 silly get     'cache-control': 'max-age=300',
123 silly get     'content-length': '3502',
123 silly get     'accept-ranges': 'bytes',
123 silly get     date: 'Wed, 24 May 2017 17:08:29 GMT',
123 silly get     via: '1.1 varnish',
123 silly get     age: '0',
123 silly get     connection: 'keep-alive',
123 silly get     'x-served-by': 'cache-hkg6822-HKG',
123 silly get     'x-cache': 'HIT',
123 silly get     'x-cache-hits': '1',
123 silly get     'x-timer': 'S1495645709.846595,VS0,VE156',
123 silly get     vary: 'Accept-Encoding' } ]
124 verbose get saving bindings to C:\Users\SF BOOK\AppData\Roaming\npm-cache\registry.npmjs.org\bindings\.cache.json
125 verbose correctMkdir C:\Users\SF BOOK\AppData\Roaming\npm-cache correctMkdir not in flight; initializing
126 silly resolveWithNewModule bindings@1.2.1 checking installable status
127 silly cache add args [ 'bindings@1.2.1', null ]
128 verbose cache add spec bindings@1.2.1
129 silly cache add parsed spec Result {
129 silly cache add   raw: 'bindings@1.2.1',
129 silly cache add   scope: null,
129 silly cache add   escapedName: 'bindings',
129 silly cache add   name: 'bindings',
129 silly cache add   rawSpec: '1.2.1',
129 silly cache add   spec: '1.2.1',
129 silly cache add   type: 'version' }
130 silly addNamed bindings@1.2.1
131 verbose addNamed "1.2.1" is a plain semver version for bindings
132 silly mapToRegistry name bindings
133 silly mapToRegistry using default registry
134 silly mapToRegistry registry https://registry.npmjs.org/
135 silly mapToRegistry data Result {
135 silly mapToRegistry   raw: 'bindings',
135 silly mapToRegistry   scope: null,
135 silly mapToRegistry   escapedName: 'bindings',
135 silly mapToRegistry   name: 'bindings',
135 silly mapToRegistry   rawSpec: '',
135 silly mapToRegistry   spec: 'latest',
135 silly mapToRegistry   type: 'tag' }
136 silly mapToRegistry uri https://registry.npmjs.org/bindings
137 verbose addNameVersion registry:https://registry.npmjs.org/bindings not in flight; fetching
138 verbose get https://registry.npmjs.org/bindings not expired, no request
139 silly cache afterAdd bindings@1.2.1
140 verbose afterAdd C:\Users\SF BOOK\AppData\Roaming\npm-cache\bindings\1.2.1\package\package.json not in flight; writing
141 verbose correctMkdir C:\Users\SF BOOK\AppData\Roaming\npm-cache correctMkdir not in flight; initializing
142 verbose afterAdd C:\Users\SF BOOK\AppData\Roaming\npm-cache\bindings\1.2.1\package\package.json written
143 http fetch 200 https://registry.npmjs.org/nan/-/nan-2.0.5.tgz
144 silly fetchAndShaCheck shasum 365888014be1fd178db0cbfa258edf7b0cb1c408
145 verbose addTmpTarball C:\Users\SFBOOK~1\AppData\Local\Temp\npm-7532-4ca40934\registry.npmjs.org\nan\-\nan-2.0.5.tgz not in flight; adding
146 verbose addTmpTarball already have metadata; skipping unpack for nan@2.0.5
147 verbose correctMkdir C:\Users\SF BOOK\AppData\Roaming\npm-cache correctMkdir not in flight; initializing
148 silly cache afterAdd nan@2.0.5
149 verbose afterAdd C:\Users\SF BOOK\AppData\Roaming\npm-cache\nan\2.0.5\package\package.json not in flight; writing
150 verbose correctMkdir C:\Users\SF BOOK\AppData\Roaming\npm-cache correctMkdir not in flight; initializing
151 verbose afterAdd C:\Users\SF BOOK\AppData\Roaming\npm-cache\nan\2.0.5\package\package.json written
152 silly fetchNamedPackageData fsevents
153 silly mapToRegistry name fsevents
154 silly mapToRegistry using default registry
155 silly mapToRegistry registry https://registry.npmjs.org/
156 silly mapToRegistry data Result {
156 silly mapToRegistry   raw: 'fsevents',
156 silly mapToRegistry   scope: null,
156 silly mapToRegistry   escapedName: 'fsevents',
156 silly mapToRegistry   name: 'fsevents',
156 silly mapToRegistry   rawSpec: '',
156 silly mapToRegistry   spec: 'latest',
156 silly mapToRegistry   type: 'tag' }
157 silly mapToRegistry uri https://registry.npmjs.org/fsevents
158 verbose request uri https://registry.npmjs.org/fsevents
159 verbose request no auth needed
160 info attempt registry request try #1 at 12:08:29 AM
161 verbose etag W/"5924f6b0-d606"
162 verbose lastModified Wed, 24 May 2017 02:57:52 GMT
163 http request GET https://registry.npmjs.org/fsevents
164 http 304 https://registry.npmjs.org/fsevents
165 verbose headers { date: 'Wed, 24 May 2017 17:08:29 GMT',
165 verbose headers   via: '1.1 varnish',
165 verbose headers   'cache-control': 'max-age=300',
165 verbose headers   etag: 'W/"5924f6b0-d606"',
165 verbose headers   age: '256',
165 verbose headers   connection: 'keep-alive',
165 verbose headers   'x-served-by': 'cache-hkg6822-HKG',
165 verbose headers   'x-cache': 'HIT',
165 verbose headers   'x-cache-hits': '2',
165 verbose headers   'x-timer': 'S1495645709.337223,VS0,VE0',
165 verbose headers   vary: 'Accept-Encoding' }
166 silly get cb [ 304,
166 silly get   { date: 'Wed, 24 May 2017 17:08:29 GMT',
166 silly get     via: '1.1 varnish',
166 silly get     'cache-control': 'max-age=300',
166 silly get     etag: 'W/"5924f6b0-d606"',
166 silly get     age: '256',
166 silly get     connection: 'keep-alive',
166 silly get     'x-served-by': 'cache-hkg6822-HKG',
166 silly get     'x-cache': 'HIT',
166 silly get     'x-cache-hits': '2',
166 silly get     'x-timer': 'S1495645709.337223,VS0,VE0',
166 silly get     vary: 'Accept-Encoding' } ]
167 verbose etag https://registry.npmjs.org/fsevents from cache
168 verbose get saving fsevents to C:\Users\SF BOOK\AppData\Roaming\npm-cache\registry.npmjs.org\fsevents\.cache.json
169 verbose correctMkdir C:\Users\SF BOOK\AppData\Roaming\npm-cache correctMkdir not in flight; initializing
170 silly resolveWithNewModule fsevents@1.1.1 checking installable status
171 silly loadAllDepsIntoIdealTree Finishing
172 silly loadIdealTree Finishing
173 silly currentTree ntask-api@1.0.0
173 silly currentTree +-- @types/geojson@1.0.2
173 silly currentTree +-- accepts@1.3.3
173 silly currentTree +-- ansi-regex@2.1.1
173 silly currentTree +-- ansi-styles@2.2.1
173 silly currentTree +-- anymatch@1.3.0
173 silly currentTree +-- arr-diff@2.0.0
173 silly currentTree +-- arr-flatten@1.0.3
173 silly currentTree +-- array-flatten@1.1.1
173 silly currentTree +-- array-unique@0.2.1
173 silly currentTree +-- arrify@1.0.1
173 silly currentTree +-- async-each@1.0.1
173 silly currentTree +-- babel-cli@6.24.1
173 silly currentTree +-- babel-code-frame@6.22.0
173 silly currentTree +-- babel-core@6.24.1
173 silly currentTree +-- babel-generator@6.24.1
173 silly currentTree +-- babel-helper-call-delegate@6.24.1
173 silly currentTree +-- babel-helper-define-map@6.24.1
173 silly currentTree +-- babel-helper-function-name@6.24.1
173 silly currentTree +-- babel-helper-get-function-arity@6.24.1
173 silly currentTree +-- babel-helper-hoist-variables@6.24.1
173 silly currentTree +-- babel-helper-optimise-call-expression@6.24.1
173 silly currentTree +-- babel-helper-regex@6.24.1
173 silly currentTree +-- babel-helper-replace-supers@6.24.1
173 silly currentTree +-- babel-helpers@6.24.1
173 silly currentTree +-- babel-messages@6.23.0
173 silly currentTree +-- babel-plugin-check-es2015-constants@6.22.0
173 silly currentTree +-- babel-plugin-transform-es2015-arrow-functions@6.22.0
173 silly currentTree +-- babel-plugin-transform-es2015-block-scoped-functions@6.22.0
173 silly currentTree +-- babel-plugin-transform-es2015-block-scoping@6.24.1
173 silly currentTree +-- babel-plugin-transform-es2015-classes@6.24.1
173 silly currentTree +-- babel-plugin-transform-es2015-computed-properties@6.24.1
173 silly currentTree +-- babel-plugin-transform-es2015-destructuring@6.23.0
173 silly currentTree +-- babel-plugin-transform-es2015-duplicate-keys@6.24.1
173 silly currentTree +-- babel-plugin-transform-es2015-for-of@6.23.0
173 silly currentTree +-- babel-plugin-transform-es2015-function-name@6.24.1
173 silly currentTree +-- babel-plugin-transform-es2015-literals@6.22.0
173 silly currentTree +-- babel-plugin-transform-es2015-modules-amd@6.24.1
173 silly currentTree +-- babel-plugin-transform-es2015-modules-commonjs@6.24.1
173 silly currentTree +-- babel-plugin-transform-es2015-modules-systemjs@6.24.1
173 silly currentTree +-- babel-plugin-transform-es2015-modules-umd@6.24.1
173 silly currentTree +-- babel-plugin-transform-es2015-object-super@6.24.1
173 silly currentTree +-- babel-plugin-transform-es2015-parameters@6.24.1
173 silly currentTree +-- babel-plugin-transform-es2015-shorthand-properties@6.24.1
173 silly currentTree +-- babel-plugin-transform-es2015-spread@6.22.0
173 silly currentTree +-- babel-plugin-transform-es2015-sticky-regex@6.24.1
173 silly currentTree +-- babel-plugin-transform-es2015-template-literals@6.22.0
173 silly currentTree +-- babel-plugin-transform-es2015-typeof-symbol@6.23.0
173 silly currentTree +-- babel-plugin-transform-es2015-unicode-regex@6.24.1
173 silly currentTree +-- babel-plugin-transform-regenerator@6.24.1
173 silly currentTree +-- babel-plugin-transform-strict-mode@6.24.1
173 silly currentTree +-- babel-polyfill@6.23.0
173 silly currentTree +-- babel-preset-es2015@6.24.1
173 silly currentTree +-- babel-register@6.24.1
173 silly currentTree +-- babel-runtime@6.23.0
173 silly currentTree +-- babel-template@6.24.1
173 silly currentTree +-- babel-traverse@6.24.1
173 silly currentTree +-- babel-types@6.24.1
173 silly currentTree +-- babylon@6.17.1
173 silly currentTree +-- balanced-match@0.4.2
173 silly currentTree +-- base64url@2.0.0
173 silly currentTree +-- binary-extensions@1.8.0
173 silly currentTree +-- bluebird@3.5.0
173 silly currentTree +-- body-parser@1.17.2
173 silly currentTree | `-- debug@2.6.7
173 silly currentTree +-- brace-expansion@1.1.7
173 silly currentTree +-- braces@1.8.5
173 silly currentTree +-- buffer-equal-constant-time@1.0.1
173 silly currentTree +-- buffer-shims@1.0.0
173 silly currentTree +-- bytes@2.4.0
173 silly currentTree +-- chalk@1.1.3
173 silly currentTree +-- chokidar@1.7.0
173 silly currentTree +-- commander@2.9.0
173 silly currentTree +-- concat-map@0.0.1
173 silly currentTree +-- consign@0.1.4
173 silly currentTree +-- content-disposition@0.5.2
173 silly currentTree +-- content-type@1.0.2
173 silly currentTree +-- convert-source-map@1.5.0
173 silly currentTree +-- cookie-signature@1.0.6
173 silly currentTree +-- cookie@0.3.1
173 silly currentTree +-- core-js@2.4.1
173 silly currentTree +-- core-util-is@1.0.2
173 silly currentTree +-- cross-env@3.2.4
173 silly currentTree +-- cross-spawn@5.1.0
173 silly currentTree +-- debug@2.6.8
173 silly currentTree +-- depd@1.1.0
173 silly currentTree +-- destroy@1.0.4
173 silly currentTree +-- detect-indent@4.0.0
173 silly currentTree +-- dottie@1.1.1
173 silly currentTree +-- ecdsa-sig-formatter@1.0.9
173 silly currentTree +-- ee-first@1.1.1
173 silly currentTree +-- encodeurl@1.0.1
173 silly currentTree +-- escape-html@1.0.3
173 silly currentTree +-- escape-string-regexp@1.0.5
173 silly currentTree +-- esutils@2.0.2
173 silly currentTree +-- etag@1.8.0
173 silly currentTree +-- expand-brackets@0.1.5
173 silly currentTree +-- expand-range@1.8.2
173 silly currentTree +-- express@4.15.3
173 silly currentTree | `-- debug@2.6.7
173 silly currentTree +-- extglob@0.3.2
173 silly currentTree +-- filename-regex@2.0.1
173 silly currentTree +-- fill-range@2.2.3
173 silly currentTree +-- finalhandler@1.0.3
173 silly currentTree | `-- debug@2.6.7
173 silly currentTree +-- for-in@1.0.2
173 silly currentTree +-- for-own@0.1.5
173 silly currentTree +-- forwarded@0.1.0
173 silly currentTree +-- fresh@0.5.0
173 silly currentTree +-- fs-readdir-recursive@1.0.0
173 silly currentTree +-- fs.realpath@1.0.0
173 silly currentTree +-- generic-pool@2.4.2
173 silly currentTree +-- glob-base@0.3.0
173 silly currentTree +-- glob-parent@2.0.0
173 silly currentTree +-- glob@7.1.2
173 silly currentTree +-- globals@9.17.0
173 silly currentTree +-- graceful-fs@4.1.11
173 silly currentTree +-- graceful-readlink@1.0.1
173 silly currentTree +-- has-ansi@2.0.0
173 silly currentTree +-- home-or-tmp@2.0.0
173 silly currentTree +-- http-errors@1.6.1
173 silly currentTree +-- iconv-lite@0.4.15
173 silly currentTree +-- inflection@1.12.0
173 silly currentTree +-- inflight@1.0.6
173 silly currentTree +-- inherits@2.0.3
173 silly currentTree +-- invariant@2.2.2
173 silly currentTree +-- ipaddr.js@1.3.0
173 silly currentTree +-- is-binary-path@1.0.1
173 silly currentTree +-- is-buffer@1.1.5
173 silly currentTree +-- is-dotfile@1.0.2
173 silly currentTree +-- is-equal-shallow@0.1.3
173 silly currentTree +-- is-extendable@0.1.1
173 silly currentTree +-- is-extglob@1.0.0
173 silly currentTree +-- is-finite@1.0.2
173 silly currentTree +-- is-glob@2.0.1
173 silly currentTree +-- is-number@2.1.0
173 silly currentTree +-- is-posix-bracket@0.1.1
173 silly currentTree +-- is-primitive@2.0.0
173 silly currentTree +-- is-windows@1.0.1
173 silly currentTree +-- isarray@1.0.0
173 silly currentTree +-- isexe@2.0.0
173 silly currentTree +-- isobject@2.1.0
173 silly currentTree +-- js-tokens@3.0.1
173 silly currentTree +-- jsesc@1.3.0
173 silly currentTree +-- json5@0.5.1
173 silly currentTree +-- jsonwebtoken@5.7.0
173 silly currentTree | `-- ms@0.7.3
173 silly currentTree +-- jwa@1.1.5
173 silly currentTree +-- jws@3.1.4
173 silly currentTree +-- jwt-simple@0.4.1
173 silly currentTree +-- kind-of@3.2.2
173 silly currentTree +-- lodash@4.17.4
173 silly currentTree +-- loose-envify@1.3.1
173 silly currentTree +-- lru-cache@4.0.2
173 silly currentTree +-- media-typer@0.3.0
173 silly currentTree +-- merge-descriptors@1.0.1
173 silly currentTree +-- methods@1.1.2
173 silly currentTree +-- micromatch@2.3.11
173 silly currentTree +-- mime-db@1.27.0
173 silly currentTree +-- mime-types@2.1.15
173 silly currentTree +-- mime@1.3.4
173 silly currentTree +-- minimatch@3.0.4
173 silly currentTree +-- minimist@0.0.8
173 silly currentTree +-- mkdirp@0.5.1
173 silly currentTree +-- moment-timezone@0.5.13
173 silly currentTree +-- moment@2.18.1
173 silly currentTree +-- ms@2.0.0
173 silly currentTree +-- nan@2.4.0
173 silly currentTree +-- negotiator@0.6.1
173 silly currentTree +-- normalize-path@2.1.1
173 silly currentTree +-- number-is-nan@1.0.1
173 silly currentTree +-- object-assign@4.1.1
173 silly currentTree +-- object.omit@2.0.1
173 silly currentTree +-- on-finished@2.3.0
173 silly currentTree +-- once@1.4.0
173 silly currentTree +-- os-homedir@1.0.2
173 silly currentTree +-- os-tmpdir@1.0.2
173 silly currentTree +-- output-file-sync@1.1.2
173 silly currentTree +-- parse-glob@3.0.4
173 silly currentTree +-- parseurl@1.3.1
173 silly currentTree +-- passport-jwt@2.0.0
173 silly currentTree +-- passport-strategy@1.0.0
173 silly currentTree +-- passport@0.3.2
173 silly currentTree +-- path-is-absolute@1.0.1
173 silly currentTree +-- path-to-regexp@0.1.7
173 silly currentTree +-- pause@0.0.1
173 silly currentTree +-- preserve@0.2.0
173 silly currentTree +-- private@0.1.7
173 silly currentTree +-- process-nextick-args@1.0.7
173 silly currentTree +-- proxy-addr@1.1.4
173 silly currentTree +-- pseudomap@1.0.2
173 silly currentTree +-- qs@6.4.0
173 silly currentTree +-- randomatic@1.1.6
173 silly currentTree +-- range-parser@1.2.0
173 silly currentTree +-- raw-body@2.2.0
173 silly currentTree +-- readable-stream@2.2.9
173 silly currentTree +-- readdirp@2.1.0
173 silly currentTree +-- regenerate@1.3.2
173 silly currentTree +-- regenerator-runtime@0.10.5
173 silly currentTree +-- regenerator-transform@0.9.11
173 silly currentTree +-- regex-cache@0.4.3
173 silly currentTree +-- regexpu-core@2.0.0
173 silly currentTree +-- regjsgen@0.2.0
173 silly currentTree +-- regjsparser@0.1.5
173 silly currentTree | `-- jsesc@0.5.0
173 silly currentTree +-- remove-trailing-separator@1.0.1
173 silly currentTree +-- repeat-element@1.1.2
173 silly currentTree +-- repeat-string@1.6.1
173 silly currentTree +-- repeating@2.0.1
173 silly currentTree +-- retry-as-promised@2.2.0
173 silly currentTree +-- safe-buffer@5.0.1
173 silly currentTree +-- semver@5.3.0
173 silly currentTree +-- send@0.15.3
173 silly currentTree | `-- debug@2.6.7
173 silly currentTree +-- sequelize@3.30.4
173 silly currentTree | `-- lodash@4.12.0
173 silly currentTree +-- serve-static@1.12.3
173 silly currentTree +-- set-immediate-shim@1.0.1
173 silly currentTree +-- setprototypeof@1.0.3
173 silly currentTree +-- shebang-command@1.2.0
173 silly currentTree +-- shebang-regex@1.0.0
173 silly currentTree +-- shimmer@1.1.0
173 silly currentTree +-- slash@1.0.0
173 silly currentTree +-- source-map-support@0.4.15
173 silly currentTree +-- source-map@0.5.6
173 silly currentTree +-- sqlite@2.8.0
173 silly currentTree +-- sqlite3@3.1.8
173 silly currentTree | `-- node-pre-gyp@0.6.31
173 silly currentTree |   +-- mkdirp@0.5.1
173 silly currentTree |   | `-- minimist@0.0.8
173 silly currentTree |   +-- nopt@3.0.6
173 silly currentTree |   | `-- abbrev@1.0.9
173 silly currentTree |   +-- npmlog@4.0.0
173 silly currentTree |   | +-- are-we-there-yet@1.1.2
173 silly currentTree |   | | +-- delegates@1.0.0
173 silly currentTree |   | | `-- readable-stream@2.1.5
173 silly currentTree |   | |   +-- buffer-shims@1.0.0
173 silly currentTree |   | |   +-- core-util-is@1.0.2
173 silly currentTree |   | |   +-- inherits@2.0.3
173 silly currentTree |   | |   +-- isarray@1.0.0
173 silly currentTree |   | |   +-- process-nextick-args@1.0.7
173 silly currentTree |   | |   +-- string_decoder@0.10.31
173 silly currentTree |   | |   `-- util-deprecate@1.0.2
173 silly currentTree |   | +-- console-control-strings@1.1.0
173 silly currentTree |   | +-- gauge@2.6.0
173 silly currentTree |   | | +-- aproba@1.0.4
173 silly currentTree |   | | +-- has-color@0.1.7
173 silly currentTree |   | | +-- has-unicode@2.0.1
173 silly currentTree |   | | +-- object-assign@4.1.0
173 silly currentTree |   | | +-- signal-exit@3.0.1
173 silly currentTree |   | | +-- string-width@1.0.2
173 silly currentTree |   | | | +-- code-point-at@1.0.1
173 silly currentTree |   | | | | `-- number-is-nan@1.0.1
173 silly currentTree |   | | | `-- is-fullwidth-code-point@1.0.0
173 silly currentTree |   | | |   `-- number-is-nan@1.0.1
173 silly currentTree |   | | +-- strip-ansi@3.0.1
173 silly currentTree |   | | | `-- ansi-regex@2.0.0
173 silly currentTree |   | | `-- wide-align@1.1.0
173 silly currentTree |   | `-- set-blocking@2.0.0
173 silly currentTree |   +-- rc@1.1.6
173 silly currentTree |   | +-- deep-extend@0.4.1
173 silly currentTree |   | +-- ini@1.3.4
173 silly currentTree |   | +-- minimist@1.2.0
173 silly currentTree |   | `-- strip-json-comments@1.0.4
173 silly currentTree |   +-- request@2.76.0
173 silly currentTree |   | +-- aws-sign2@0.6.0
173 silly currentTree |   | +-- aws4@1.5.0
173 silly currentTree |   | +-- caseless@0.11.0
173 silly currentTree |   | +-- combined-stream@1.0.5
173 silly currentTree |   | | `-- delayed-stream@1.0.0
173 silly currentTree |   | +-- extend@3.0.0
173 silly currentTree |   | +-- forever-agent@0.6.1
173 silly currentTree |   | +-- form-data@2.1.1
173 silly currentTree |   | | `-- asynckit@0.4.0
173 silly currentTree |   | +-- har-validator@2.0.6
173 silly currentTree |   | | +-- chalk@1.1.3
173 silly currentTree |   | | | +-- ansi-styles@2.2.1
173 silly currentTree |   | | | +-- escape-string-regexp@1.0.5
173 silly currentTree |   | | | +-- has-ansi@2.0.0
173 silly currentTree |   | | | | `-- ansi-regex@2.0.0
173 silly currentTree |   | | | +-- strip-ansi@3.0.1
173 silly currentTree |   | | | | `-- ansi-regex@2.0.0
173 silly currentTree |   | | | `-- supports-color@2.0.0
173 silly currentTree |   | | +-- commander@2.9.0
173 silly currentTree |   | | | `-- graceful-readlink@1.0.1
173 silly currentTree |   | | +-- is-my-json-valid@2.15.0
173 silly currentTree |   | | | +-- generate-function@2.0.0
173 silly currentTree |   | | | +-- generate-object-property@1.2.0
173 silly currentTree |   | | | | `-- is-property@1.0.2
173 silly currentTree |   | | | +-- jsonpointer@4.0.0
173 silly currentTree |   | | | `-- xtend@4.0.1
173 silly currentTree |   | | `-- pinkie-promise@2.0.1
173 silly currentTree |   | |   `-- pinkie@2.0.4
173 silly currentTree |   | +-- hawk@3.1.3
173 silly currentTree |   | | +-- boom@2.10.1
173 silly currentTree |   | | +-- cryptiles@2.0.5
173 silly currentTree |   | | +-- hoek@2.16.3
173 silly currentTree |   | | `-- sntp@1.0.9
173 silly currentTree |   | +-- http-signature@1.1.1
173 silly currentTree |   | | +-- assert-plus@0.2.0
173 silly currentTree |   | | +-- jsprim@1.3.1
173 silly currentTree |   | | | +-- extsprintf@1.0.2
173 silly currentTree |   | | | +-- json-schema@0.2.3
173 silly currentTree |   | | | `-- verror@1.3.6
173 silly currentTree |   | | `-- sshpk@1.10.1
173 silly currentTree |   | |   +-- asn1@0.2.3
173 silly currentTree |   | |   +-- assert-plus@1.0.0
173 silly currentTree |   | |   +-- bcrypt-pbkdf@1.0.0
173 silly currentTree |   | |   +-- dashdash@1.14.0
173 silly currentTree |   | |   +-- ecc-jsbn@0.1.1
173 silly currentTree |   | |   +-- getpass@0.1.6
173 silly currentTree |   | |   +-- jodid25519@1.0.2
173 silly currentTree |   | |   +-- jsbn@0.1.0
173 silly currentTree |   | |   `-- tweetnacl@0.14.3
173 silly currentTree |   | +-- is-typedarray@1.0.0
173 silly currentTree |   | +-- isstream@0.1.2
173 silly currentTree |   | +-- json-stringify-safe@5.0.1
173 silly currentTree |   | +-- mime-types@2.1.12
173 silly currentTree |   | | `-- mime-db@1.24.0
173 silly currentTree |   | +-- node-uuid@1.4.7
173 silly currentTree |   | +-- oauth-sign@0.8.2
173 silly currentTree |   | +-- qs@6.3.0
173 silly currentTree |   | +-- stringstream@0.0.5
173 silly currentTree |   | +-- tough-cookie@2.3.2
173 silly currentTree |   | | `-- punycode@1.4.1
173 silly currentTree |   | `-- tunnel-agent@0.4.3
173 silly currentTree |   +-- rimraf@2.5.4
173 silly currentTree |   | `-- glob@7.1.1
173 silly currentTree |   |   +-- fs.realpath@1.0.0
173 silly currentTree |   |   +-- inflight@1.0.6
173 silly currentTree |   |   | `-- wrappy@1.0.2
173 silly currentTree |   |   +-- inherits@2.0.3
173 silly currentTree |   |   +-- minimatch@3.0.3
173 silly currentTree |   |   | `-- brace-expansion@1.1.6
173 silly currentTree |   |   |   +-- balanced-match@0.4.2
173 silly currentTree |   |   |   `-- concat-map@0.0.1
173 silly currentTree |   |   +-- once@1.4.0
173 silly currentTree |   |   | `-- wrappy@1.0.2
173 silly currentTree |   |   `-- path-is-absolute@1.0.1
173 silly currentTree |   +-- semver@5.3.0
173 silly currentTree |   +-- tar-pack@3.3.0
173 silly currentTree |   | +-- debug@2.2.0
173 silly currentTree |   | | `-- ms@0.7.1
173 silly currentTree |   | +-- fstream-ignore@1.0.5
173 silly currentTree |   | | +-- inherits@2.0.3
173 silly currentTree |   | | `-- minimatch@3.0.3
173 silly currentTree |   | |   `-- brace-expansion@1.1.6
173 silly currentTree |   | |     +-- balanced-match@0.4.2
173 silly currentTree |   | |     `-- concat-map@0.0.1
173 silly currentTree |   | +-- fstream@1.0.10
173 silly currentTree |   | | +-- graceful-fs@4.1.9
173 silly currentTree |   | | `-- inherits@2.0.3
173 silly currentTree |   | +-- once@1.3.3
173 silly currentTree |   | | `-- wrappy@1.0.2
173 silly currentTree |   | +-- readable-stream@2.1.5
173 silly currentTree |   | | +-- buffer-shims@1.0.0
173 silly currentTree |   | | +-- core-util-is@1.0.2
173 silly currentTree |   | | +-- inherits@2.0.3
173 silly currentTree |   | | +-- isarray@1.0.0
173 silly currentTree |   | | +-- process-nextick-args@1.0.7
173 silly currentTree |   | | +-- string_decoder@0.10.31
173 silly currentTree |   | | `-- util-deprecate@1.0.2
173 silly currentTree |   | `-- uid-number@0.0.6
173 silly currentTree |   `-- tar@2.2.1
173 silly currentTree |     +-- block-stream@0.0.9
173 silly currentTree |     +-- fstream@1.0.10
173 silly currentTree |     | `-- graceful-fs@4.1.9
173 silly currentTree |     `-- inherits@2.0.3
173 silly currentTree +-- statuses@1.3.1
173 silly currentTree +-- string_decoder@1.0.1
173 silly currentTree +-- strip-ansi@3.0.1
173 silly currentTree +-- supports-color@2.0.0
173 silly currentTree +-- terraformer-wkt-parser@1.1.2
173 silly currentTree +-- terraformer@1.0.8
173 silly currentTree +-- to-fast-properties@1.0.3
173 silly currentTree +-- toposort-class@1.0.1
173 silly currentTree +-- trim-right@1.0.1
173 silly currentTree +-- type-is@1.6.15
173 silly currentTree +-- unpipe@1.0.0
173 silly currentTree +-- user-home@1.1.1
173 silly currentTree +-- util-deprecate@1.0.2
173 silly currentTree +-- utils-merge@1.0.0
173 silly currentTree +-- uuid@3.0.1
173 silly currentTree +-- v8flags@2.1.1
173 silly currentTree +-- validator@5.7.0
173 silly currentTree +-- vary@1.1.1
173 silly currentTree +-- which@1.2.14
173 silly currentTree +-- wkx@0.2.0
173 silly currentTree +-- wrappy@1.0.2
173 silly currentTree +-- xtend@4.0.1
173 silly currentTree `-- yallist@2.1.2
174 silly idealTree ntask-api@1.0.0
174 silly idealTree +-- @types/geojson@1.0.2
174 silly idealTree +-- accepts@1.3.3
174 silly idealTree +-- ansi-regex@2.1.1
174 silly idealTree +-- ansi-styles@2.2.1
174 silly idealTree +-- anymatch@1.3.0
174 silly idealTree +-- arr-diff@2.0.0
174 silly idealTree +-- arr-flatten@1.0.3
174 silly idealTree +-- array-flatten@1.1.1
174 silly idealTree +-- array-unique@0.2.1
174 silly idealTree +-- arrify@1.0.1
174 silly idealTree +-- async-each@1.0.1
174 silly idealTree +-- babel-cli@6.24.1
174 silly idealTree +-- babel-code-frame@6.22.0
174 silly idealTree +-- babel-core@6.24.1
174 silly idealTree +-- babel-generator@6.24.1
174 silly idealTree +-- babel-helper-call-delegate@6.24.1
174 silly idealTree +-- babel-helper-define-map@6.24.1
174 silly idealTree +-- babel-helper-function-name@6.24.1
174 silly idealTree +-- babel-helper-get-function-arity@6.24.1
174 silly idealTree +-- babel-helper-hoist-variables@6.24.1
174 silly idealTree +-- babel-helper-optimise-call-expression@6.24.1
174 silly idealTree +-- babel-helper-regex@6.24.1
174 silly idealTree +-- babel-helper-replace-supers@6.24.1
174 silly idealTree +-- babel-helpers@6.24.1
174 silly idealTree +-- babel-messages@6.23.0
174 silly idealTree +-- babel-plugin-check-es2015-constants@6.22.0
174 silly idealTree +-- babel-plugin-transform-es2015-arrow-functions@6.22.0
174 silly idealTree +-- babel-plugin-transform-es2015-block-scoped-functions@6.22.0
174 silly idealTree +-- babel-plugin-transform-es2015-block-scoping@6.24.1
174 silly idealTree +-- babel-plugin-transform-es2015-classes@6.24.1
174 silly idealTree +-- babel-plugin-transform-es2015-computed-properties@6.24.1
174 silly idealTree +-- babel-plugin-transform-es2015-destructuring@6.23.0
174 silly idealTree +-- babel-plugin-transform-es2015-duplicate-keys@6.24.1
174 silly idealTree +-- babel-plugin-transform-es2015-for-of@6.23.0
174 silly idealTree +-- babel-plugin-transform-es2015-function-name@6.24.1
174 silly idealTree +-- babel-plugin-transform-es2015-literals@6.22.0
174 silly idealTree +-- babel-plugin-transform-es2015-modules-amd@6.24.1
174 silly idealTree +-- babel-plugin-transform-es2015-modules-commonjs@6.24.1
174 silly idealTree +-- babel-plugin-transform-es2015-modules-systemjs@6.24.1
174 silly idealTree +-- babel-plugin-transform-es2015-modules-umd@6.24.1
174 silly idealTree +-- babel-plugin-transform-es2015-object-super@6.24.1
174 silly idealTree +-- babel-plugin-transform-es2015-parameters@6.24.1
174 silly idealTree +-- babel-plugin-transform-es2015-shorthand-properties@6.24.1
174 silly idealTree +-- babel-plugin-transform-es2015-spread@6.22.0
174 silly idealTree +-- babel-plugin-transform-es2015-sticky-regex@6.24.1
174 silly idealTree +-- babel-plugin-transform-es2015-template-literals@6.22.0
174 silly idealTree +-- babel-plugin-transform-es2015-typeof-symbol@6.23.0
174 silly idealTree +-- babel-plugin-transform-es2015-unicode-regex@6.24.1
174 silly idealTree +-- babel-plugin-transform-regenerator@6.24.1
174 silly idealTree +-- babel-plugin-transform-strict-mode@6.24.1
174 silly idealTree +-- babel-polyfill@6.23.0
174 silly idealTree +-- babel-preset-es2015@6.24.1
174 silly idealTree +-- babel-register@6.24.1
174 silly idealTree +-- babel-runtime@6.23.0
174 silly idealTree +-- babel-template@6.24.1
174 silly idealTree +-- babel-traverse@6.24.1
174 silly idealTree +-- babel-types@6.24.1
174 silly idealTree +-- babylon@6.17.1
174 silly idealTree +-- balanced-match@0.4.2
174 silly idealTree +-- base64url@2.0.0
174 silly idealTree +-- bcrypt@0.8.5
174 silly idealTree | `-- nan@2.0.5
174 silly idealTree +-- binary-extensions@1.8.0
174 silly idealTree +-- bindings@1.2.1
174 silly idealTree +-- bluebird@3.5.0
174 silly idealTree +-- body-parser@1.17.2
174 silly idealTree | `-- debug@2.6.7
174 silly idealTree +-- brace-expansion@1.1.7
174 silly idealTree +-- braces@1.8.5
174 silly idealTree +-- buffer-equal-constant-time@1.0.1
174 silly idealTree +-- buffer-shims@1.0.0
174 silly idealTree +-- bytes@2.4.0
174 silly idealTree +-- chalk@1.1.3
174 silly idealTree +-- chokidar@1.7.0
174 silly idealTree +-- commander@2.9.0
174 silly idealTree +-- concat-map@0.0.1
174 silly idealTree +-- consign@0.1.4
174 silly idealTree +-- content-disposition@0.5.2
174 silly idealTree +-- content-type@1.0.2
174 silly idealTree +-- convert-source-map@1.5.0
174 silly idealTree +-- cookie-signature@1.0.6
174 silly idealTree +-- cookie@0.3.1
174 silly idealTree +-- core-js@2.4.1
174 silly idealTree +-- core-util-is@1.0.2
174 silly idealTree +-- cross-env@3.2.4
174 silly idealTree +-- cross-spawn@5.1.0
174 silly idealTree +-- debug@2.6.8
174 silly idealTree +-- depd@1.1.0
174 silly idealTree +-- destroy@1.0.4
174 silly idealTree +-- detect-indent@4.0.0
174 silly idealTree +-- dottie@1.1.1
174 silly idealTree +-- ecdsa-sig-formatter@1.0.9
174 silly idealTree +-- ee-first@1.1.1
174 silly idealTree +-- encodeurl@1.0.1
174 silly idealTree +-- escape-html@1.0.3
174 silly idealTree +-- escape-string-regexp@1.0.5
174 silly idealTree +-- esutils@2.0.2
174 silly idealTree +-- etag@1.8.0
174 silly idealTree +-- expand-brackets@0.1.5
174 silly idealTree +-- expand-range@1.8.2
174 silly idealTree +-- express@4.15.3
174 silly idealTree | `-- debug@2.6.7
174 silly idealTree +-- extglob@0.3.2
174 silly idealTree +-- filename-regex@2.0.1
174 silly idealTree +-- fill-range@2.2.3
174 silly idealTree +-- finalhandler@1.0.3
174 silly idealTree | `-- debug@2.6.7
174 silly idealTree +-- for-in@1.0.2
174 silly idealTree +-- for-own@0.1.5
174 silly idealTree +-- forwarded@0.1.0
174 silly idealTree +-- fresh@0.5.0
174 silly idealTree +-- fs-readdir-recursive@1.0.0
174 silly idealTree +-- fs.realpath@1.0.0
174 silly idealTree +-- generic-pool@2.4.2
174 silly idealTree +-- glob-base@0.3.0
174 silly idealTree +-- glob-parent@2.0.0
174 silly idealTree +-- glob@7.1.2
174 silly idealTree +-- globals@9.17.0
174 silly idealTree +-- graceful-fs@4.1.11
174 silly idealTree +-- graceful-readlink@1.0.1
174 silly idealTree +-- has-ansi@2.0.0
174 silly idealTree +-- home-or-tmp@2.0.0
174 silly idealTree +-- http-errors@1.6.1
174 silly idealTree +-- iconv-lite@0.4.15
174 silly idealTree +-- inflection@1.12.0
174 silly idealTree +-- inflight@1.0.6
174 silly idealTree +-- inherits@2.0.3
174 silly idealTree +-- invariant@2.2.2
174 silly idealTree +-- ipaddr.js@1.3.0
174 silly idealTree +-- is-binary-path@1.0.1
174 silly idealTree +-- is-buffer@1.1.5
174 silly idealTree +-- is-dotfile@1.0.2
174 silly idealTree +-- is-equal-shallow@0.1.3
174 silly idealTree +-- is-extendable@0.1.1
174 silly idealTree +-- is-extglob@1.0.0
174 silly idealTree +-- is-finite@1.0.2
174 silly idealTree +-- is-glob@2.0.1
174 silly idealTree +-- is-number@2.1.0
174 silly idealTree +-- is-posix-bracket@0.1.1
174 silly idealTree +-- is-primitive@2.0.0
174 silly idealTree +-- is-windows@1.0.1
174 silly idealTree +-- isarray@1.0.0
174 silly idealTree +-- isexe@2.0.0
174 silly idealTree +-- isobject@2.1.0
174 silly idealTree +-- js-tokens@3.0.1
174 silly idealTree +-- jsesc@1.3.0
174 silly idealTree +-- json5@0.5.1
174 silly idealTree +-- jsonwebtoken@5.7.0
174 silly idealTree | `-- ms@0.7.3
174 silly idealTree +-- jwa@1.1.5
174 silly idealTree +-- jws@3.1.4
174 silly idealTree +-- jwt-simple@0.4.1
174 silly idealTree +-- kind-of@3.2.2
174 silly idealTree +-- lodash@4.17.4
174 silly idealTree +-- loose-envify@1.3.1
174 silly idealTree +-- lru-cache@4.0.2
174 silly idealTree +-- media-typer@0.3.0
174 silly idealTree +-- merge-descriptors@1.0.1
174 silly idealTree +-- methods@1.1.2
174 silly idealTree +-- micromatch@2.3.11
174 silly idealTree +-- mime-db@1.27.0
174 silly idealTree +-- mime-types@2.1.15
174 silly idealTree +-- mime@1.3.4
174 silly idealTree +-- minimatch@3.0.4
174 silly idealTree +-- minimist@0.0.8
174 silly idealTree +-- mkdirp@0.5.1
174 silly idealTree +-- moment-timezone@0.5.13
174 silly idealTree +-- moment@2.18.1
174 silly idealTree +-- ms@2.0.0
174 silly idealTree +-- nan@2.4.0
174 silly idealTree +-- negotiator@0.6.1
174 silly idealTree +-- normalize-path@2.1.1
174 silly idealTree +-- number-is-nan@1.0.1
174 silly idealTree +-- object-assign@4.1.1
174 silly idealTree +-- object.omit@2.0.1
174 silly idealTree +-- on-finished@2.3.0
174 silly idealTree +-- once@1.4.0
174 silly idealTree +-- os-homedir@1.0.2
174 silly idealTree +-- os-tmpdir@1.0.2
174 silly idealTree +-- output-file-sync@1.1.2
174 silly idealTree +-- parse-glob@3.0.4
174 silly idealTree +-- parseurl@1.3.1
174 silly idealTree +-- passport-jwt@2.0.0
174 silly idealTree +-- passport-strategy@1.0.0
174 silly idealTree +-- passport@0.3.2
174 silly idealTree +-- path-is-absolute@1.0.1
174 silly idealTree +-- path-to-regexp@0.1.7
174 silly idealTree +-- pause@0.0.1
174 silly idealTree +-- preserve@0.2.0
174 silly idealTree +-- private@0.1.7
174 silly idealTree +-- process-nextick-args@1.0.7
174 silly idealTree +-- proxy-addr@1.1.4
174 silly idealTree +-- pseudomap@1.0.2
174 silly idealTree +-- qs@6.4.0
174 silly idealTree +-- randomatic@1.1.6
174 silly idealTree +-- range-parser@1.2.0
174 silly idealTree +-- raw-body@2.2.0
174 silly idealTree +-- readable-stream@2.2.9
174 silly idealTree +-- readdirp@2.1.0
174 silly idealTree +-- regenerate@1.3.2
174 silly idealTree +-- regenerator-runtime@0.10.5
174 silly idealTree +-- regenerator-transform@0.9.11
174 silly idealTree +-- regex-cache@0.4.3
174 silly idealTree +-- regexpu-core@2.0.0
174 silly idealTree +-- regjsgen@0.2.0
174 silly idealTree +-- regjsparser@0.1.5
174 silly idealTree | `-- jsesc@0.5.0
174 silly idealTree +-- remove-trailing-separator@1.0.1
174 silly idealTree +-- repeat-element@1.1.2
174 silly idealTree +-- repeat-string@1.6.1
174 silly idealTree +-- repeating@2.0.1
174 silly idealTree +-- retry-as-promised@2.2.0
174 silly idealTree +-- safe-buffer@5.0.1
174 silly idealTree +-- semver@5.3.0
174 silly idealTree +-- send@0.15.3
174 silly idealTree | `-- debug@2.6.7
174 silly idealTree +-- sequelize@3.30.4
174 silly idealTree | `-- lodash@4.12.0
174 silly idealTree +-- serve-static@1.12.3
174 silly idealTree +-- set-immediate-shim@1.0.1
174 silly idealTree +-- setprototypeof@1.0.3
174 silly idealTree +-- shebang-command@1.2.0
174 silly idealTree +-- shebang-regex@1.0.0
174 silly idealTree +-- shimmer@1.1.0
174 silly idealTree +-- slash@1.0.0
174 silly idealTree +-- source-map-support@0.4.15
174 silly idealTree +-- source-map@0.5.6
174 silly idealTree +-- sqlite@2.8.0
174 silly idealTree +-- sqlite3@3.1.8
174 silly idealTree | `-- node-pre-gyp@0.6.31
174 silly idealTree |   +-- mkdirp@0.5.1
174 silly idealTree |   | `-- minimist@0.0.8
174 silly idealTree |   +-- nopt@3.0.6
174 silly idealTree |   | `-- abbrev@1.0.9
174 silly idealTree |   +-- npmlog@4.0.0
174 silly idealTree |   | +-- are-we-there-yet@1.1.2
174 silly idealTree |   | | +-- delegates@1.0.0
174 silly idealTree |   | | `-- readable-stream@2.1.5
174 silly idealTree |   | |   +-- buffer-shims@1.0.0
174 silly idealTree |   | |   +-- core-util-is@1.0.2
174 silly idealTree |   | |   +-- inherits@2.0.3
174 silly idealTree |   | |   +-- isarray@1.0.0
174 silly idealTree |   | |   +-- process-nextick-args@1.0.7
174 silly idealTree |   | |   +-- string_decoder@0.10.31
174 silly idealTree |   | |   `-- util-deprecate@1.0.2
174 silly idealTree |   | +-- console-control-strings@1.1.0
174 silly idealTree |   | +-- gauge@2.6.0
174 silly idealTree |   | | +-- aproba@1.0.4
174 silly idealTree |   | | +-- has-color@0.1.7
174 silly idealTree |   | | +-- has-unicode@2.0.1
174 silly idealTree |   | | +-- object-assign@4.1.0
174 silly idealTree |   | | +-- signal-exit@3.0.1
174 silly idealTree |   | | +-- string-width@1.0.2
174 silly idealTree |   | | | +-- code-point-at@1.0.1
174 silly idealTree |   | | | | `-- number-is-nan@1.0.1
174 silly idealTree |   | | | `-- is-fullwidth-code-point@1.0.0
174 silly idealTree |   | | |   `-- number-is-nan@1.0.1
174 silly idealTree |   | | +-- strip-ansi@3.0.1
174 silly idealTree |   | | | `-- ansi-regex@2.0.0
174 silly idealTree |   | | `-- wide-align@1.1.0
174 silly idealTree |   | `-- set-blocking@2.0.0
174 silly idealTree |   +-- rc@1.1.6
174 silly idealTree |   | +-- deep-extend@0.4.1
174 silly idealTree |   | +-- ini@1.3.4
174 silly idealTree |   | +-- minimist@1.2.0
174 silly idealTree |   | `-- strip-json-comments@1.0.4
174 silly idealTree |   +-- request@2.76.0
174 silly idealTree |   | +-- aws-sign2@0.6.0
174 silly idealTree |   | +-- aws4@1.5.0
174 silly idealTree |   | +-- caseless@0.11.0
174 silly idealTree |   | +-- combined-stream@1.0.5
174 silly idealTree |   | | `-- delayed-stream@1.0.0
174 silly idealTree |   | +-- extend@3.0.0
174 silly idealTree |   | +-- forever-agent@0.6.1
174 silly idealTree |   | +-- form-data@2.1.1
174 silly idealTree |   | | `-- asynckit@0.4.0
174 silly idealTree |   | +-- har-validator@2.0.6
174 silly idealTree |   | | +-- chalk@1.1.3
174 silly idealTree |   | | | +-- ansi-styles@2.2.1
174 silly idealTree |   | | | +-- escape-string-regexp@1.0.5
174 silly idealTree |   | | | +-- has-ansi@2.0.0
174 silly idealTree |   | | | | `-- ansi-regex@2.0.0
174 silly idealTree |   | | | +-- strip-ansi@3.0.1
174 silly idealTree |   | | | | `-- ansi-regex@2.0.0
174 silly idealTree |   | | | `-- supports-color@2.0.0
174 silly idealTree |   | | +-- commander@2.9.0
174 silly idealTree |   | | | `-- graceful-readlink@1.0.1
174 silly idealTree |   | | +-- is-my-json-valid@2.15.0
174 silly idealTree |   | | | +-- generate-function@2.0.0
174 silly idealTree |   | | | +-- generate-object-property@1.2.0
174 silly idealTree |   | | | | `-- is-property@1.0.2
174 silly idealTree |   | | | +-- jsonpointer@4.0.0
174 silly idealTree |   | | | `-- xtend@4.0.1
174 silly idealTree |   | | `-- pinkie-promise@2.0.1
174 silly idealTree |   | |   `-- pinkie@2.0.4
174 silly idealTree |   | +-- hawk@3.1.3
174 silly idealTree |   | | +-- boom@2.10.1
174 silly idealTree |   | | +-- cryptiles@2.0.5
174 silly idealTree |   | | +-- hoek@2.16.3
174 silly idealTree |   | | `-- sntp@1.0.9
174 silly idealTree |   | +-- http-signature@1.1.1
174 silly idealTree |   | | +-- assert-plus@0.2.0
174 silly idealTree |   | | +-- jsprim@1.3.1
174 silly idealTree |   | | | +-- extsprintf@1.0.2
174 silly idealTree |   | | | +-- json-schema@0.2.3
174 silly idealTree |   | | | `-- verror@1.3.6
174 silly idealTree |   | | `-- sshpk@1.10.1
174 silly idealTree |   | |   +-- asn1@0.2.3
174 silly idealTree |   | |   +-- assert-plus@1.0.0
174 silly idealTree |   | |   +-- bcrypt-pbkdf@1.0.0
174 silly idealTree |   | |   +-- dashdash@1.14.0
174 silly idealTree |   | |   +-- ecc-jsbn@0.1.1
174 silly idealTree |   | |   +-- getpass@0.1.6
174 silly idealTree |   | |   +-- jodid25519@1.0.2
174 silly idealTree |   | |   +-- jsbn@0.1.0
174 silly idealTree |   | |   `-- tweetnacl@0.14.3
174 silly idealTree |   | +-- is-typedarray@1.0.0
174 silly idealTree |   | +-- isstream@0.1.2
174 silly idealTree |   | +-- json-stringify-safe@5.0.1
174 silly idealTree |   | +-- mime-types@2.1.12
174 silly idealTree |   | | `-- mime-db@1.24.0
174 silly idealTree |   | +-- node-uuid@1.4.7
174 silly idealTree |   | +-- oauth-sign@0.8.2
174 silly idealTree |   | +-- qs@6.3.0
174 silly idealTree |   | +-- stringstream@0.0.5
174 silly idealTree |   | +-- tough-cookie@2.3.2
174 silly idealTree |   | | `-- punycode@1.4.1
174 silly idealTree |   | `-- tunnel-agent@0.4.3
174 silly idealTree |   +-- rimraf@2.5.4
174 silly idealTree |   | `-- glob@7.1.1
174 silly idealTree |   |   +-- fs.realpath@1.0.0
174 silly idealTree |   |   +-- inflight@1.0.6
174 silly idealTree |   |   | `-- wrappy@1.0.2
174 silly idealTree |   |   +-- inherits@2.0.3
174 silly idealTree |   |   +-- minimatch@3.0.3
174 silly idealTree |   |   | `-- brace-expansion@1.1.6
174 silly idealTree |   |   |   +-- balanced-match@0.4.2
174 silly idealTree |   |   |   `-- concat-map@0.0.1
174 silly idealTree |   |   +-- once@1.4.0
174 silly idealTree |   |   | `-- wrappy@1.0.2
174 silly idealTree |   |   `-- path-is-absolute@1.0.1
174 silly idealTree |   +-- semver@5.3.0
174 silly idealTree |   +-- tar-pack@3.3.0
174 silly idealTree |   | +-- debug@2.2.0
174 silly idealTree |   | | `-- ms@0.7.1
174 silly idealTree |   | +-- fstream-ignore@1.0.5
174 silly idealTree |   | | +-- inherits@2.0.3
174 silly idealTree |   | | `-- minimatch@3.0.3
174 silly idealTree |   | |   `-- brace-expansion@1.1.6
174 silly idealTree |   | |     +-- balanced-match@0.4.2
174 silly idealTree |   | |     `-- concat-map@0.0.1
174 silly idealTree |   | +-- fstream@1.0.10
174 silly idealTree |   | | +-- graceful-fs@4.1.9
174 silly idealTree |   | | `-- inherits@2.0.3
174 silly idealTree |   | +-- once@1.3.3
174 silly idealTree |   | | `-- wrappy@1.0.2
174 silly idealTree |   | +-- readable-stream@2.1.5
174 silly idealTree |   | | +-- buffer-shims@1.0.0
174 silly idealTree |   | | +-- core-util-is@1.0.2
174 silly idealTree |   | | +-- inherits@2.0.3
174 silly idealTree |   | | +-- isarray@1.0.0
174 silly idealTree |   | | +-- process-nextick-args@1.0.7
174 silly idealTree |   | | +-- string_decoder@0.10.31
174 silly idealTree |   | | `-- util-deprecate@1.0.2
174 silly idealTree |   | `-- uid-number@0.0.6
174 silly idealTree |   `-- tar@2.2.1
174 silly idealTree |     +-- block-stream@0.0.9
174 silly idealTree |     +-- fstream@1.0.10
174 silly idealTree |     | `-- graceful-fs@4.1.9
174 silly idealTree |     `-- inherits@2.0.3
174 silly idealTree +-- statuses@1.3.1
174 silly idealTree +-- string_decoder@1.0.1
174 silly idealTree +-- strip-ansi@3.0.1
174 silly idealTree +-- supports-color@2.0.0
174 silly idealTree +-- terraformer-wkt-parser@1.1.2
174 silly idealTree +-- terraformer@1.0.8
174 silly idealTree +-- to-fast-properties@1.0.3
174 silly idealTree +-- toposort-class@1.0.1
174 silly idealTree +-- trim-right@1.0.1
174 silly idealTree +-- type-is@1.6.15
174 silly idealTree +-- unpipe@1.0.0
174 silly idealTree +-- user-home@1.1.1
174 silly idealTree +-- util-deprecate@1.0.2
174 silly idealTree +-- utils-merge@1.0.0
174 silly idealTree +-- uuid@3.0.1
174 silly idealTree +-- v8flags@2.1.1
174 silly idealTree +-- validator@5.7.0
174 silly idealTree +-- vary@1.1.1
174 silly idealTree +-- which@1.2.14
174 silly idealTree +-- wkx@0.2.0
174 silly idealTree +-- wrappy@1.0.2
174 silly idealTree +-- xtend@4.0.1
174 silly idealTree `-- yallist@2.1.2
175 silly generateActionsToTake Starting
176 silly install generateActionsToTake
177 silly generateActionsToTake Finishing
178 silly diffTrees action count 3
179 silly diffTrees add nan@2.0.5
180 silly diffTrees add bindings@1.2.1
181 silly diffTrees add bcrypt@0.8.5
182 silly decomposeActions action count 24
183 silly decomposeActions fetch nan@2.0.5
184 silly decomposeActions extract nan@2.0.5
185 silly decomposeActions test nan@2.0.5
186 silly decomposeActions preinstall nan@2.0.5
187 silly decomposeActions build nan@2.0.5
188 silly decomposeActions install nan@2.0.5
189 silly decomposeActions postinstall nan@2.0.5
190 silly decomposeActions finalize nan@2.0.5
191 silly decomposeActions fetch bindings@1.2.1
192 silly decomposeActions extract bindings@1.2.1
193 silly decomposeActions test bindings@1.2.1
194 silly decomposeActions preinstall bindings@1.2.1
195 silly decomposeActions build bindings@1.2.1
196 silly decomposeActions install bindings@1.2.1
197 silly decomposeActions postinstall bindings@1.2.1
198 silly decomposeActions finalize bindings@1.2.1
199 silly decomposeActions fetch bcrypt@0.8.5
200 silly decomposeActions extract bcrypt@0.8.5
201 silly decomposeActions test bcrypt@0.8.5
202 silly decomposeActions preinstall bcrypt@0.8.5
203 silly decomposeActions build bcrypt@0.8.5
204 silly decomposeActions install bcrypt@0.8.5
205 silly decomposeActions postinstall bcrypt@0.8.5
206 silly decomposeActions finalize bcrypt@0.8.5
207 silly runTopLevelLifecycles Starting
208 silly executeActions Starting
209 silly install executeActions
210 silly doSerial global-install 0
211 silly doParallel fetch 3
212 verbose correctMkdir C:\Users\SF BOOK\AppData\Roaming\npm-cache\_locks correctMkdir not in flight; initializing
213 verbose lock using C:\Users\SF BOOK\AppData\Roaming\npm-cache\_locks\staging-ef02ff6d5183c1ee.lock for C:\TUT\Ntask\node_modules\.staging
214 silly doParallel extract 3
215 silly extract nan@2.0.5
216 silly extract bindings@1.2.1
217 silly extract bcrypt@0.8.5
218 verbose unbuild node_modules\.staging\bcrypt-c56ca340
219 verbose unbuild node_modules\.staging\nan-e64a2008
220 verbose unbuild node_modules\.staging\bindings-687472a3
221 silly gentlyRm C:\TUT\Ntask\node_modules\.staging\bcrypt-c56ca340 is being purged from base C:\TUT\Ntask
222 verbose gentlyRm don't care about contents; nuking C:\TUT\Ntask\node_modules\.staging\bcrypt-c56ca340
223 silly gentlyRm C:\TUT\Ntask\node_modules\.staging\nan-e64a2008 is being purged from base C:\TUT\Ntask
224 verbose gentlyRm don't care about contents; nuking C:\TUT\Ntask\node_modules\.staging\nan-e64a2008
225 silly gentlyRm C:\TUT\Ntask\node_modules\.staging\bindings-687472a3 is being purged from base C:\TUT\Ntask
226 verbose gentlyRm don't care about contents; nuking C:\TUT\Ntask\node_modules\.staging\bindings-687472a3
227 verbose tar unpack C:\Users\SF BOOK\AppData\Roaming\npm-cache\bcrypt\0.8.5\package.tgz
228 verbose tar unpacking to C:\TUT\Ntask\node_modules\.staging\bcrypt-c56ca340
229 silly gentlyRm C:\TUT\Ntask\node_modules\.staging\bcrypt-c56ca340 is being purged
230 verbose gentlyRm don't care about contents; nuking C:\TUT\Ntask\node_modules\.staging\bcrypt-c56ca340
231 verbose tar unpack C:\Users\SF BOOK\AppData\Roaming\npm-cache\nan\2.0.5\package.tgz
232 verbose tar unpacking to C:\TUT\Ntask\node_modules\.staging\nan-e64a2008
233 silly gentlyRm C:\TUT\Ntask\node_modules\.staging\nan-e64a2008 is being purged
234 verbose gentlyRm don't care about contents; nuking C:\TUT\Ntask\node_modules\.staging\nan-e64a2008
235 verbose tar unpack C:\Users\SF BOOK\AppData\Roaming\npm-cache\bindings\1.2.1\package.tgz
236 verbose tar unpacking to C:\TUT\Ntask\node_modules\.staging\bindings-687472a3
237 silly gentlyRm C:\TUT\Ntask\node_modules\.staging\bindings-687472a3 is being purged
238 verbose gentlyRm don't care about contents; nuking C:\TUT\Ntask\node_modules\.staging\bindings-687472a3
239 silly gunzTarPerm modes [ '777', '666' ]
240 silly gunzTarPerm modes [ '777', '666' ]
241 silly gunzTarPerm modes [ '777', '666' ]
242 silly gunzTarPerm extractEntry package.json
243 silly gunzTarPerm modified mode [ 'package.json', 420, 438 ]
244 silly gunzTarPerm extractEntry package.json
245 silly gunzTarPerm modified mode [ 'package.json', 420, 438 ]
246 silly gunzTarPerm extractEntry package.json
247 silly gunzTarPerm modified mode [ 'package.json', 436, 438 ]
248 silly gunzTarPerm extractEntry .npmignore
249 silly gunzTarPerm modified mode [ '.npmignore', 420, 438 ]
250 silly gunzTarPerm extractEntry README.md
251 silly gunzTarPerm modified mode [ 'README.md', 420, 438 ]
252 silly gunzTarPerm extractEntry README.md
253 silly gunzTarPerm modified mode [ 'README.md', 420, 438 ]
254 silly gunzTarPerm extractEntry bindings.js
255 silly gunzTarPerm modified mode [ 'bindings.js', 420, 438 ]
256 silly gunzTarPerm extractEntry README.md
257 silly gunzTarPerm modified mode [ 'README.md', 436, 438 ]
258 silly gunzTarPerm extractEntry include_dirs.js
259 silly gunzTarPerm modified mode [ 'include_dirs.js', 436, 438 ]
260 silly gunzTarPerm extractEntry nan_converters.h
261 silly gunzTarPerm modified mode [ 'nan_converters.h', 436, 438 ]
262 silly gunzTarPerm extractEntry LICENSE.md
263 silly gunzTarPerm modified mode [ 'LICENSE.md', 436, 438 ]
264 silly gunzTarPerm extractEntry .dntrc
265 silly gunzTarPerm modified mode [ '.dntrc', 436, 438 ]
266 silly gunzTarPerm extractEntry LICENSE
267 silly gunzTarPerm modified mode [ 'LICENSE', 420, 438 ]
268 silly gunzTarPerm extractEntry bcrypt.js
269 silly gunzTarPerm modified mode [ 'bcrypt.js', 420, 438 ]
270 silly gunzTarPerm extractEntry appveyor.yml
271 silly gunzTarPerm modified mode [ 'appveyor.yml', 436, 438 ]
272 silly gunzTarPerm extractEntry doc/new.md
273 silly gunzTarPerm modified mode [ 'doc/new.md', 436, 438 ]
274 silly gunzTarPerm extractEntry doc/.build.sh
275 silly gunzTarPerm modified mode [ 'doc/.build.sh', 509, 511 ]
276 silly gunzTarPerm extractEntry binding.gyp
277 silly gunzTarPerm modified mode [ 'binding.gyp', 420, 438 ]
278 silly gunzTarPerm extractEntry doc/buffers.md
279 silly gunzTarPerm modified mode [ 'doc/buffers.md', 436, 438 ]
280 silly gunzTarPerm extractEntry doc/callback.md
281 silly gunzTarPerm modified mode [ 'doc/callback.md', 436, 438 ]
282 silly gunzTarPerm extractEntry .travis.yml
283 silly gunzTarPerm modified mode [ '.travis.yml', 420, 438 ]
284 silly gunzTarPerm extractEntry CHANGELOG.md
285 silly gunzTarPerm modified mode [ 'CHANGELOG.md', 420, 438 ]
286 silly gunzTarPerm extractEntry doc/converters.md
287 silly gunzTarPerm modified mode [ 'doc/converters.md', 436, 438 ]
288 silly gunzTarPerm extractEntry doc/errors.md
289 silly gunzTarPerm modified mode [ 'doc/errors.md', 436, 438 ]
290 silly gentlyRm C:\TUT\Ntask\node_modules\.staging\bindings-687472a3\node_modules is being purged
291 verbose gentlyRm don't care about contents; nuking C:\TUT\Ntask\node_modules\.staging\bindings-687472a3\node_modules
292 silly gunzTarPerm extractEntry doc/maybe_types.md
293 silly gunzTarPerm modified mode [ 'doc/maybe_types.md', 436, 438 ]
294 silly gunzTarPerm extractEntry doc/methods.md
295 silly gunzTarPerm modified mode [ 'doc/methods.md', 436, 438 ]
296 silly gunzTarPerm extractEntry examples/async_compare.js
297 silly gunzTarPerm modified mode [ 'examples/async_compare.js', 420, 438 ]
298 silly gunzTarPerm extractEntry examples/forever_gen_salt.js
299 silly gunzTarPerm modified mode [ 'examples/forever_gen_salt.js', 420, 438 ]
300 silly gunzTarPerm extractEntry test/async.js
301 silly gunzTarPerm modified mode [ 'test/async.js', 420, 438 ]
302 silly gunzTarPerm extractEntry test/repetitions.js
303 silly gunzTarPerm modified mode [ 'test/repetitions.js', 420, 438 ]
304 silly gunzTarPerm extractEntry doc/asyncworker.md
305 silly gunzTarPerm modified mode [ 'doc/asyncworker.md', 436, 438 ]
306 silly gunzTarPerm extractEntry doc/node_misc.md
307 silly gunzTarPerm modified mode [ 'doc/node_misc.md', 436, 438 ]
308 silly gunzTarPerm extractEntry test/sync.js
309 silly gunzTarPerm modified mode [ 'test/sync.js', 420, 438 ]
310 silly gunzTarPerm extractEntry Makefile
311 silly gunzTarPerm modified mode [ 'Makefile', 420, 438 ]
312 silly gunzTarPerm extractEntry doc/persistent.md
313 silly gunzTarPerm modified mode [ 'doc/persistent.md', 436, 438 ]
314 silly gunzTarPerm extractEntry doc/scopes.md
315 silly gunzTarPerm modified mode [ 'doc/scopes.md', 436, 438 ]
316 silly gunzTarPerm extractEntry src/bcrypt.cc
317 silly gunzTarPerm modified mode [ 'src/bcrypt.cc', 420, 438 ]
318 silly gunzTarPerm extractEntry src/bcrypt_node.cc
319 silly gunzTarPerm modified mode [ 'src/bcrypt_node.cc', 420, 438 ]
320 silly gunzTarPerm extractEntry doc/script.md
321 silly gunzTarPerm modified mode [ 'doc/script.md', 436, 438 ]
322 silly gunzTarPerm extractEntry doc/string_bytes.md
323 silly gunzTarPerm modified mode [ 'doc/string_bytes.md', 436, 438 ]
324 silly gunzTarPerm extractEntry src/blowfish.cc
325 silly gunzTarPerm modified mode [ 'src/blowfish.cc', 420, 438 ]
326 silly gunzTarPerm extractEntry src/node_blf.h
327 silly gunzTarPerm modified mode [ 'src/node_blf.h', 420, 438 ]
328 silly gunzTarPerm extractEntry werker.yml
329 silly gunzTarPerm modified mode [ 'werker.yml', 420, 438 ]
330 silly gunzTarPerm extractEntry doc/v8_internals.md
331 silly gunzTarPerm modified mode [ 'doc/v8_internals.md', 436, 438 ]
332 silly gunzTarPerm extractEntry doc/v8_misc.md
333 silly gunzTarPerm modified mode [ 'doc/v8_misc.md', 436, 438 ]
334 silly gunzTarPerm extractEntry nan.h
335 silly gunzTarPerm modified mode [ 'nan.h', 436, 438 ]
336 silly gunzTarPerm extractEntry nan_callbacks.h
337 silly gunzTarPerm modified mode [ 'nan_callbacks.h', 436, 438 ]
338 silly gunzTarPerm extractEntry nan_callbacks_12_inl.h
339 silly gunzTarPerm modified mode [ 'nan_callbacks_12_inl.h', 436, 438 ]
340 silly gunzTarPerm extractEntry nan_callbacks_pre_12_inl.h
341 silly gunzTarPerm modified mode [ 'nan_callbacks_pre_12_inl.h', 436, 438 ]
342 silly gunzTarPerm extractEntry nan_converters_43_inl.h
343 silly gunzTarPerm modified mode [ 'nan_converters_43_inl.h', 436, 438 ]
344 silly gunzTarPerm extractEntry nan_converters_pre_43_inl.h
345 silly gunzTarPerm modified mode [ 'nan_converters_pre_43_inl.h', 436, 438 ]
346 silly gunzTarPerm extractEntry nan_implementation_12_inl.h
347 silly gunzTarPerm modified mode [ 'nan_implementation_12_inl.h', 436, 438 ]
348 silly gunzTarPerm extractEntry nan_implementation_pre_12_inl.h
349 silly gunzTarPerm modified mode [ 'nan_implementation_pre_12_inl.h', 436, 438 ]
350 silly gunzTarPerm extractEntry nan_maybe_43_inl.h
351 silly gunzTarPerm modified mode [ 'nan_maybe_43_inl.h', 436, 438 ]
352 silly gunzTarPerm extractEntry nan_maybe_pre_43_inl.h
353 silly gunzTarPerm modified mode [ 'nan_maybe_pre_43_inl.h', 436, 438 ]
354 silly gunzTarPerm extractEntry nan_new.h
355 silly gunzTarPerm modified mode [ 'nan_new.h', 436, 438 ]
356 silly gunzTarPerm extractEntry nan_object_wrap.h
357 silly gunzTarPerm modified mode [ 'nan_object_wrap.h', 436, 438 ]
358 silly gunzTarPerm extractEntry nan_persistent_12_inl.h
359 silly gunzTarPerm modified mode [ 'nan_persistent_12_inl.h', 436, 438 ]
360 silly gunzTarPerm extractEntry nan_persistent_pre_12_inl.h
361 silly gunzTarPerm modified mode [ 'nan_persistent_pre_12_inl.h', 436, 438 ]
362 silly gunzTarPerm extractEntry nan_string_bytes.h
363 silly gunzTarPerm modified mode [ 'nan_string_bytes.h', 436, 438 ]
364 silly gunzTarPerm extractEntry nan_weak.h
365 silly gunzTarPerm modified mode [ 'nan_weak.h', 436, 438 ]
366 silly gunzTarPerm extractEntry CHANGELOG.md
367 silly gunzTarPerm modified mode [ 'CHANGELOG.md', 436, 438 ]
368 silly gunzTarPerm extractEntry tools/package.json
369 silly gunzTarPerm modified mode [ 'tools/package.json', 436, 438 ]
370 silly gunzTarPerm extractEntry tools/README.md
371 silly gunzTarPerm modified mode [ 'tools/README.md', 436, 438 ]
372 silly gunzTarPerm extractEntry tools/1to2.js
373 silly gunzTarPerm modified mode [ 'tools/1to2.js', 509, 511 ]
374 silly gentlyRm C:\TUT\Ntask\node_modules\.staging\bcrypt-c56ca340\node_modules is being purged
375 verbose gentlyRm don't care about contents; nuking C:\TUT\Ntask\node_modules\.staging\bcrypt-c56ca340\node_modules
376 silly gentlyRm C:\TUT\Ntask\node_modules\.staging\nan-e64a2008\node_modules is being purged
377 verbose gentlyRm don't care about contents; nuking C:\TUT\Ntask\node_modules\.staging\nan-e64a2008\node_modules
378 silly doParallel preinstall 3
379 silly preinstall nan@2.0.5 C:\TUT\Ntask\node_modules\.staging\nan-e64a2008
380 info lifecycle nan@2.0.5~preinstall: nan@2.0.5
381 silly preinstall bindings@1.2.1 C:\TUT\Ntask\node_modules\.staging\bindings-687472a3
382 info lifecycle bindings@1.2.1~preinstall: bindings@1.2.1
383 silly preinstall bcrypt@0.8.5 C:\TUT\Ntask\node_modules\.staging\bcrypt-c56ca340
384 info lifecycle bcrypt@0.8.5~preinstall: bcrypt@0.8.5
385 silly lifecycle nan@2.0.5~preinstall: no script for preinstall, continuing
386 silly lifecycle bindings@1.2.1~preinstall: no script for preinstall, continuing
387 silly lifecycle bcrypt@0.8.5~preinstall: no script for preinstall, continuing
388 silly doReverseSerial remove 0
389 silly doSerial move 0
390 silly doSerial finalize 3
391 silly finalize C:\TUT\Ntask\node_modules\bcrypt\node_modules\nan
392 silly finalize C:\TUT\Ntask\node_modules\bindings
393 silly finalize C:\TUT\Ntask\node_modules\bcrypt
394 silly doSerial build 3
395 silly build nan@2.0.5
396 info linkStuff nan@2.0.5
397 silly linkStuff nan@2.0.5 has C:\TUT\Ntask\node_modules\bcrypt\node_modules as its parent node_modules
398 verbose linkBins nan@2.0.5
399 verbose linkMans nan@2.0.5
400 silly build bindings@1.2.1
401 info linkStuff bindings@1.2.1
402 silly linkStuff bindings@1.2.1 has C:\TUT\Ntask\node_modules as its parent node_modules
403 verbose linkBins bindings@1.2.1
404 verbose linkMans bindings@1.2.1
405 silly build bcrypt@0.8.5
406 info linkStuff bcrypt@0.8.5
407 silly linkStuff bcrypt@0.8.5 has C:\TUT\Ntask\node_modules as its parent node_modules
408 verbose linkBins bcrypt@0.8.5
409 verbose linkMans bcrypt@0.8.5
410 silly doSerial global-link 0
411 silly doParallel update-linked 0
412 silly doSerial install 3
413 silly install nan@2.0.5 C:\TUT\Ntask\node_modules\.staging\nan-e64a2008
414 info lifecycle nan@2.0.5~install: nan@2.0.5
415 silly lifecycle nan@2.0.5~install: no script for install, continuing
416 silly install bindings@1.2.1 C:\TUT\Ntask\node_modules\.staging\bindings-687472a3
417 info lifecycle bindings@1.2.1~install: bindings@1.2.1
418 silly lifecycle bindings@1.2.1~install: no script for install, continuing
419 silly install bcrypt@0.8.5 C:\TUT\Ntask\node_modules\.staging\bcrypt-c56ca340
420 info lifecycle bcrypt@0.8.5~install: bcrypt@0.8.5
421 verbose lifecycle bcrypt@0.8.5~install: unsafe-perm in lifecycle true
422 verbose lifecycle bcrypt@0.8.5~install: PATH: C:\Program Files\nodejs\node_modules\npm\bin\node-gyp-bin;C:\TUT\Ntask\node_modules\bcrypt\node_modules\.bin;C:\TUT\Ntask\node_modules\.bin;C:\Users\SF BOOK\Downloads\cmder\bin;C:\Users\SF BOOK\Downloads\cmder\vendor\conemu-maximus5\ConEmu\Scripts;C:\Users\SF BOOK\Downloads\cmder\vendor\conemu-maximus5;C:\Users\SF BOOK\Downloads\cmder\vendor\conemu-maximus5\ConEmu;C:\WINDOWS\system32;C:\WINDOWS;C:\WINDOWS\System32\Wbem;C:\WINDOWS\System32\WindowsPowerShell\v1.0\;C:\Program Files (x86)\Skype\Phone\;C:\Program Files\nodejs\;C:\Program Files\Calibre2\;C:\Program Files\Microsoft SQL Server\130\Tools\Binn\;C:\Program Files\dotnet\;C:\Program Files\Git\cmd;C:\Program Files\MacType;C:\Program Files\Amazon\AWSCLI\;C:\Users\SF BOOK\AppData\Local\Microsoft\WindowsApps;C:\Program Files (x86)\Microsoft VS Code\bin;C:\Users\SF BOOK\AppData\Roaming\npm;C:\Program Files (x86)\Microsoft Visual Studio\2017\Community\Common7\IDE;;C:\Program Files\Git\usr\bin;C:\Program Files\Git\usr\share\vim\vim74;C:\Users\SF BOOK\Downloads\cmder\
423 verbose lifecycle bcrypt@0.8.5~install: CWD: C:\TUT\Ntask\node_modules\bcrypt
424 silly lifecycle bcrypt@0.8.5~install: Args: [ '/d /s /c', 'node-gyp rebuild' ]
425 silly lifecycle bcrypt@0.8.5~install: Returned: code: 1  signal: null
426 info lifecycle bcrypt@0.8.5~install: Failed to exec install script
427 verbose unlock done using C:\Users\SF BOOK\AppData\Roaming\npm-cache\_locks\staging-ef02ff6d5183c1ee.lock for C:\TUT\Ntask\node_modules\.staging
428 silly rollbackFailedOptional Starting
429 silly rollbackFailedOptional Finishing
430 silly runTopLevelLifecycles Finishing
431 silly install printInstalled
432 warn optional SKIPPING OPTIONAL DEPENDENCY: fsevents@^1.0.0 (node_modules\chokidar\node_modules\fsevents):
433 warn notsup SKIPPING OPTIONAL DEPENDENCY: Unsupported platform for fsevents@1.1.1: wanted {"os":"darwin","arch":"any"} (current: {"os":"win32","arch":"x64"})
434 verbose notsup SKIPPING OPTIONAL DEPENDENCY: Valid OS:    darwin
434 verbose notsup SKIPPING OPTIONAL DEPENDENCY: Valid Arch:  any
434 verbose notsup SKIPPING OPTIONAL DEPENDENCY: Actual OS:   win32
434 verbose notsup SKIPPING OPTIONAL DEPENDENCY: Actual Arch: x64
435 warn ntask-api@1.0.0 No description
436 verbose If you need help, you may report this error at:
436 verbose     <https://github.com/npm/npm/issues>
437 warn ntask-api@1.0.0 No repository field.
438 verbose If you need help, you may report this error at:
438 verbose     <https://github.com/npm/npm/issues>
439 verbose stack Error: bcrypt@0.8.5 install: `node-gyp rebuild`
439 verbose stack Exit status 1
439 verbose stack     at EventEmitter.<anonymous> (C:\Program Files\nodejs\node_modules\npm\lib\utils\lifecycle.js:255:16)
439 verbose stack     at emitTwo (events.js:106:13)
439 verbose stack     at EventEmitter.emit (events.js:191:7)
439 verbose stack     at ChildProcess.<anonymous> (C:\Program Files\nodejs\node_modules\npm\lib\utils\spawn.js:40:14)
439 verbose stack     at emitTwo (events.js:106:13)
439 verbose stack     at ChildProcess.emit (events.js:191:7)
439 verbose stack     at maybeClose (internal/child_process.js:886:16)
439 verbose stack     at Process.ChildProcess._handle.onexit (internal/child_process.js:226:5)
440 verbose pkgid bcrypt@0.8.5
441 verbose cwd C:\TUT\Ntask
442 error Windows_NT 10.0.15063
443 error argv "C:\\Program Files\\nodejs\\node.exe" "C:\\Program Files\\nodejs\\node_modules\\npm\\bin\\npm-cli.js" "install" "bcrypt@0.8.5" "--save"
444 error node v6.10.2
445 error npm  v3.10.10
446 error code ELIFECYCLE
447 error bcrypt@0.8.5 install: `node-gyp rebuild`
447 error Exit status 1
448 error Failed at the bcrypt@0.8.5 install script 'node-gyp rebuild'.
448 error Make sure you have the latest version of node.js and npm installed.
448 error If you do, this is most likely a problem with the bcrypt package,
448 error not with npm itself.
448 error Tell the author that this fails on your system:
448 error     node-gyp rebuild
448 error You can get information on how to open an issue for this project with:
448 error     npm bugs bcrypt
448 error Or if that isn't available, you can get their info via:
448 error     npm owner ls bcrypt
448 error There is likely additional logging output above.
449 verbose exit [ 1, true ]
